Processing docs/concepts/index.md...
Processing docs/concepts/intelligent-knowledge-system.md...
Processing docs/concepts/workflow-execution-model.md...
Processing docs/en/how-to/set-up-real-time-webhook-processing-pipeline.md...
Processing docs/getting-started/index.md...
Processing docs/getting-started/quickstart.md...
Processing docs/how-to/assemble-intent-experiences.md...
Processing docs/how-to/configure-ask-ai-module.md...
Processing docs/how-to/configure-webhook-trigger.md...
Processing docs/how-to/index.md...
Processing docs/how-to/install-ask-ai-runtime-pack.md...
Processing docs/how-to/run-api-first-production-flow.md...
Processing docs/index.md...
Processing docs/operations/CANONICAL_FLOW.md...
Processing docs/operations/CENTRALIZED_CLIENT_BUNDLES.md...
Processing docs/operations/PIPELINE_CAPABILITIES_CATALOG.md...
Processing docs/operations/PLAN_TIERS.md...
Processing docs/operations/UNIFIED_CLIENT_CONFIG.md...
Processing docs/reference/api-playground.md...
Processing docs/reference/deprecated-example.md...
Processing docs/reference/index.md...
Processing docs/reference/intent-experiences/automate-developer.md...
Processing docs/reference/intent-experiences/automate-operator.md...
Processing docs/reference/intent-experiences/automate-support.md...
Processing docs/reference/intent-experiences/configure-operator.md...
Processing docs/reference/intent-experiences/configure-practitioner.md...
Processing docs/reference/intent-experiences/configure-support.md...
Processing docs/reference/intent-experiences/index.md...
Processing docs/reference/intent-experiences/integrate-operator.md...
Processing docs/reference/intent-experiences/integrate-practitioner.md...
Processing docs/reference/intent-experiences/integrate-support.md...
Processing docs/reference/intent-experiences/optimize-developer.md...
Processing docs/reference/intent-experiences/optimize-operator.md...
Processing docs/reference/intent-experiences/optimize-support.md...
Processing docs/reference/intent-experiences/secure-operator.md...
Processing docs/reference/intent-experiences/secure-practitioner.md...
Processing docs/reference/intent-experiences/secure-support.md...
Processing docs/reference/intent-experiences/troubleshoot-developer.md...
Processing docs/reference/intent-experiences/troubleshoot-operator.md...
Processing docs/reference/intent-experiences/troubleshoot-support.md...
Processing docs/reference/nodes/webhook.md...
Processing docs/reference/taskstream-api-playground.md...
Processing docs/reference/taskstream-planning-notes.md...
Processing docs/search-faceted.md...
Processing docs/tags.md...
Processing docs/troubleshooting/index.md...
Processing docs/troubleshooting/webhook-not-firing.md...
Generated sitemap with 47 URLs
Saved 290 Algolia records

============================================================
SEO/GEO OPTIMIZATION REPORT
============================================================

GEO Findings: 0 errors, 25 warnings, 53 suggestions
  docs/concepts/index.md:1 [suggestion] seo-low-internal-links: Only 0 internal link(s). Add cross-references to improve SEO link graph.
  docs/concepts/index.md:1 [warning] seo-thin-content: Only 19 words. Pages under 100 words rank poorly.
  docs/concepts/index.md:1 [suggestion] seo-no-structured-data: No code blocks, tables, or lists found. Structured content improves search snippets.
  docs/concepts/intelligent-knowledge-system.md:1 [suggestion] seo-heading-keyword-gap: No H2 headings share keywords with the title. Align headings with title for better ranking.
  docs/en/how-to/set-up-real-time-webhook-processing-pipeline.md:46 [warning] seo-bare-url: Bare URL found. Use [descriptive text](https://your-app.example.com/webhooks`.) instead.
  docs/getting-started/index.md:1 [suggestion] seo-low-internal-links: Only 0 internal link(s). Add cross-references to improve SEO link graph.
  docs/getting-started/index.md:1 [warning] seo-thin-content: Only 19 words. Pages under 100 words rank poorly.
  docs/getting-started/index.md:1 [suggestion] seo-no-structured-data: No code blocks, tables, or lists found. Structured content improves search snippets.
  docs/getting-started/quickstart.md:36 [warning] seo-bare-url: Bare URL found. Use [descriptive text](http://localhost:5678`.) instead.
  docs/how-to/assemble-intent-experiences.md:1 [suggestion] seo-heading-keyword-gap: No H2 headings share keywords with the title. Align headings with title for better ranking.
  ... and 68 more findings

Search Records: 290 records generated
  By content type:
    - concept: 21
    - how-to: 68
    - reference: 183
    - troubleshooting: 9
    - tutorial: 9
